2024-10-08 23:21:34,985 - ERROR - No encontrado: https://www.carrefour.es/supermercado/hamburguesa-de-vacuno-raza-angus-carrefour-selection-300-g/R-VC4AECOMM-007504/p
2024-10-08 23:21:35,416 - ERROR - No encontrado: https://www.carrefour.es/supermercado/queso-azul-roquefort-dop-entremont-100-g/R-prod211388/p
2024-10-08 23:21:53,908 - ERROR - No encontrado: https://www.carrefour.es/supermercado/noodles-sabor-pollo-carrefour-85-g/R-804031947/p
2024-10-08 23:21:55,661 - ERROR - No encontrado: https://www.carrefour.es/supermercado/panales-dodot-bebe-seco-t6-13-19-kg-128-ud/R-VC4AECOMM-799265/p
2024-10-08 23:22:03,958 - ERROR - No encontrado: https://www.carrefour.es/supermercado/crema-gel-revitalizante-c-vit-sesderma-50-ml/R-fprod1330082/p
2024-10-08 23:22:09,162 - ERROR - No encontrado: https://www.carrefour.es/supermercado/pants-agatha-ruiz-de-la-prada-talla-5-12-18-kg-40-ud-exclusivo-carrefour/R-VC4AECOMM-195613/p
2024-10-08 23:22:19,675 - ERROR - No encontrado: https://www.carrefour.es/supermercado/mandarina-carrefour-a-granel-1-kg-aprox/R-fprod1480224/p
2024-10-08 23:36:15,028 - ERROR - No encontrado: https://www.carrefour.es/supermercado/pizza-vegetal-carrefour-350-g/R-prod600095/p
2024-10-08 23:39:09,858 - ERROR - No encontrado: https://www.carrefour.es/supermercado/pizza-vegetal-carrefour-350-g/R-prod600095/p
2024-10-08 23:39:20,914 - ERROR - No encontrado: https://www.carrefour.es/supermercado/barritas-sustitutivas-de-limon-con-aroma-de-yogur-carrefour-pack-de-6-unidades-de-32-g/R-606638572/p
2024-10-08 23:39:33,987 - ERROR - No encontrado: https://www.carrefour.es/supermercado/magro-de-cerdo-marinado-amarillo-carrefour-500-g/R-prod810343/p
2024-10-08 23:40:02,410 - ERROR - No encontrado: https://www.carrefour.es/supermercado/masa-de-hojaldre-carrefour-no-gluten-sin-gluten-280-g/R-840600813/p
2024-10-08 23:41:40,152 - ERROR - No encontrado: https://www.carrefour.es/supermercado/pizza-vegetal-carrefour-350-g/R-prod600095/p
2024-10-08 23:41:55,266 - ERROR - No encontrado: https://www.carrefour.es/supermercado/barritas-sustitutivas-de-limon-con-aroma-de-yogur-carrefour-pack-de-6-unidades-de-32-g/R-606638572/p
2024-10-08 23:45:32,450 - ERROR - No encontrado: https://www.carrefour.es/supermercado/pizza-vegetal-carrefour-350-g/R-prod600095/p
2024-10-08 23:45:45,110 - ERROR - No encontrado: https://www.carrefour.es/supermercado/barritas-sustitutivas-de-limon-con-aroma-de-yogur-carrefour-pack-de-6-unidades-de-32-g/R-606638572/p
2024-10-08 23:45:56,415 - ERROR - No encontrado: https://www.carrefour.es/supermercado/magro-de-cerdo-marinado-amarillo-carrefour-500-g/R-prod810343/p
2024-10-08 23:46:21,993 - ERROR - No encontrado: https://www.carrefour.es/supermercado/masa-de-hojaldre-carrefour-no-gluten-sin-gluten-280-g/R-840600813/p
2024-10-08 23:47:58,370 - ERROR - No encontrado: https://www.carrefour.es/supermercado/pizza-vegetal-carrefour-350-g/R-prod600095/p
2024-10-08 23:48:12,067 - ERROR - No encontrado: https://www.carrefour.es/supermercado/barritas-sustitutivas-de-limon-con-aroma-de-yogur-carrefour-pack-de-6-unidades-de-32-g/R-606638572/p
2024-10-08 23:48:22,510 - ERROR - No encontrado: https://www.carrefour.es/supermercado/magro-de-cerdo-marinado-amarillo-carrefour-500-g/R-prod810343/p
2024-10-08 23:48:50,771 - ERROR - No encontrado: https://www.carrefour.es/supermercado/masa-de-hojaldre-carrefour-no-gluten-sin-gluten-280-g/R-840600813/p
