2024-10-09 11:31:27,446 - ERROR - No scrapeado https://www.carrefour.es/supermercado/cigarrillos-de-tolosa-de-chocolate-de-nuestra-tierra-200-g/R-793846720/p: module 'signal' has no attribute 'SIGALRM'
2024-10-09 11:31:27,446 - ERROR - No scrapeado https://www.carrefour.es/supermercado/yuca-1-kg-aprox/R-547901609/p: module 'signal' has no attribute 'SIGALRM'
2024-10-09 11:31:27,446 - ERROR - No scrapeado https://www.carrefour.es/supermercado/postre-lacteo-natural-desde-6-meses-nestle-yogolino-sin-gluten-pack-de-4-unidades-de-100-g/R-696105234/p: module 'signal' has no attribute 'SIGALRM'
2024-10-09 11:31:27,446 - ERROR - No scrapeado https://www.carrefour.es/supermercado/queso-de-oveja-anejo-dop-zamorano-de-nuestra-tierra-250-g/R-VC4AECOMM-682919/p: module 'signal' has no attribute 'SIGALRM'
2024-10-09 11:31:27,447 - ERROR - No scrapeado https://www.carrefour.es/supermercado/champu-violeta-matizador-para-el-pelo-con-mechas-rubio-decolorado-o-gris-color-vive-loreal-elvive-200-ml/R-prod1120105/p: module 'signal' has no attribute 'SIGALRM'
2024-10-09 11:31:27,447 - ERROR - No scrapeado https://www.carrefour.es/supermercado/vino-tinto-reserva-tempranillo-vina-cumbrero-doca-rioja-pack-de-6-botellas-de-75-cl/R-prod520042/p: module 'signal' has no attribute 'SIGALRM'
2024-10-09 11:31:27,447 - ERROR - No scrapeado https://www.carrefour.es/supermercado/flan-de-turron-carrefour-sin-gluten-pack-de-4-unidades-de-100-g/R-VC4AECOMM-440992/p: module 'signal' has no attribute 'SIGALRM'
2024-10-09 11:31:27,447 - ERROR - No scrapeado https://www.carrefour.es/supermercado/salsa-vegetal-veganesa-sensation-carrefour-450-ml/R-VC4AECOMM-121607/p: module 'signal' has no attribute 'SIGALRM'
2024-10-09 11:31:27,447 - ERROR - No scrapeado https://www.carrefour.es/supermercado/chorizo-blanco-en-lonchas-revilla-sin-gluten-65-g/R-VC4AECOMM-130657/p: module 'signal' has no attribute 'SIGALRM'
2024-10-09 11:31:27,447 - ERROR - No scrapeado https://www.carrefour.es/supermercado/galletas-energy-chiquilin-artiach-160-g/R-VC4AECOMM-361276/p: module 'signal' has no attribute 'SIGALRM'
2024-10-09 11:31:27,447 - ERROR - No scrapeado https://www.carrefour.es/supermercado/agua-mineral-con-gas-carrefour-125-l/R-530014489/p: module 'signal' has no attribute 'SIGALRM'
2024-10-09 11:31:27,447 - ERROR - No scrapeado https://www.carrefour.es/supermercado/panales-dodot-cuidado-total-t1-2-5-kg-50-ud/R-VC4AECOMM-361578/p: module 'signal' has no attribute 'SIGALRM'
2024-10-09 11:31:27,447 - ERROR - No scrapeado https://www.carrefour.es/supermercado/masa-brisa-carrefour-230-g/R-663201868/p: module 'signal' has no attribute 'SIGALRM'
2024-10-09 11:31:27,447 - ERROR - No scrapeado https://www.carrefour.es/supermercado/cabeza-de-rape-1-kg-aprox/R-fprod1220368/p: module 'signal' has no attribute 'SIGALRM'
2024-10-09 11:31:27,447 - ERROR - No scrapeado https://www.carrefour.es/supermercado/arroz-integral-carrefour-pack-de-6-unidades-de-167-g/R-prod380229/p: module 'signal' has no attribute 'SIGALRM'
2024-10-09 11:31:27,447 - ERROR - No scrapeado https://www.carrefour.es/supermercado/fluido-facial-hidratante-matificante-dermopure-eucerin-50-ml/R-prod490088/p: module 'signal' has no attribute 'SIGALRM'
2024-10-09 11:31:27,447 - ERROR - No scrapeado https://www.carrefour.es/supermercado/chorizo-vegano-en-forma-de-rollito-hi-vegs-sin-gluten-110-g/R-VC4AECOMM-006900/p: module 'signal' has no attribute 'SIGALRM'
2024-10-09 11:31:27,447 - ERROR - No scrapeado https://www.carrefour.es/supermercado/panales-carrefour-baby-0-talla-1-2-5-kg-35-ud/R-VC4AECOMM-081255/p: module 'signal' has no attribute 'SIGALRM'
2024-10-09 11:31:27,447 - ERROR - No scrapeado https://www.carrefour.es/supermercado/enjuague-bucal-proteccion-24h-antibacteriano-plax-soft-mint-colgate-500-ml/R-521000415/p: module 'signal' has no attribute 'SIGALRM'
2024-10-09 11:31:27,447 - ERROR - No scrapeado https://www.carrefour.es/supermercado/perfumador-liquido-para-ropa-asevi-720-ml/R-VC4AECOMM-814280/p: module 'signal' has no attribute 'SIGALRM'
2024-10-09 11:31:27,447 - ERROR - No scrapeado https://www.carrefour.es/supermercado/chocolate-negro-con-almendras-enteras-carrefour-extra-sin-gluten-200-g/R-VC4AECOMM-482709/p: module 'signal' has no attribute 'SIGALRM'
2024-10-09 11:31:27,447 - ERROR - No scrapeado https://www.carrefour.es/supermercado/muffins-chocolate-carrefour-no-gluten-sin-gluten-90-g/R-VC4AECOMM-434180/p: module 'signal' has no attribute 'SIGALRM'
2024-10-09 11:31:27,447 - ERROR - No scrapeado https://www.carrefour.es/supermercado/confitura-de-ciruela-diet-hero-sin-azucar-anadido-280-g/R-prod720259/p: module 'signal' has no attribute 'SIGALRM'
2024-10-09 11:31:27,447 - ERROR - No scrapeado https://www.carrefour.es/supermercado/leche-infantil-de-continuacion-blemil-plus-2-forte-lata-800-g/R-657701745/p: module 'signal' has no attribute 'SIGALRM'
2024-10-09 11:31:27,447 - ERROR - No scrapeado https://www.carrefour.es/supermercado/queso-havarti-en-lonchas-arla-300-g/R-prod1130692/p: module 'signal' has no attribute 'SIGALRM'
2024-10-09 11:31:27,447 - ERROR - No scrapeado https://www.carrefour.es/supermercado/leche-solar-proctectora-pieles-intolerantes-al-sol-fp-50-delial-400-ml/R-596701559/p: module 'signal' has no attribute 'SIGALRM'
2024-10-09 11:31:27,447 - ERROR - No scrapeado https://www.carrefour.es/supermercado/alino-de-aceite-con-ajo-y-perejil-140-g/R-VC4AECOMM-107969/p: module 'signal' has no attribute 'SIGALRM'
2024-10-09 11:31:27,447 - ERROR - No scrapeado https://www.carrefour.es/supermercado/natillas-de-vainilla-danone-danet-pack-de-4-unidades-de-120-g/R-521029850/p: module 'signal' has no attribute 'SIGALRM'
2024-10-09 11:31:27,447 - ERROR - No scrapeado https://www.carrefour.es/supermercado/pizza-de-pollo-carrefour-335-g/R-prod600080/p: module 'signal' has no attribute 'SIGALRM'
2024-10-09 11:31:27,447 - ERROR - No scrapeado https://www.carrefour.es/supermercado/galletas-maria-carrefour-classic-sin-aceite-de-palma-600-g/R-521002761/p: module 'signal' has no attribute 'SIGALRM'
2024-10-09 11:31:27,447 - ERROR - No scrapeado https://www.carrefour.es/supermercado/banderillas-picantes-classic-carrefour-180-g/R-526626982/p: module 'signal' has no attribute 'SIGALRM'
2024-10-09 11:31:27,447 - ERROR - No scrapeado https://www.carrefour.es/supermercado/copos-de-avena-solubles-con-cacao-natural-sin-azucar-anadido-cola-cao-avenacao-300-g/R-prod61415/p: module 'signal' has no attribute 'SIGALRM'
2024-10-09 11:31:27,447 - ERROR - No scrapeado https://www.carrefour.es/supermercado/chocolate-con-leche-y-almendras-valor-sin-gluten-y-sin-lactosa-150-g/R-716101855/p: module 'signal' has no attribute 'SIGALRM'
2024-10-09 11:31:27,447 - ERROR - No scrapeado https://www.carrefour.es/supermercado/limpieza-magica-piedra-blanca-tenn-375-g/R-VC4AECOMM-146597/p: module 'signal' has no attribute 'SIGALRM'
2024-10-09 11:31:27,447 - ERROR - No scrapeado https://www.carrefour.es/supermercado/brandy-de-jerez-magno-solera-reserva-1-l/R-859516622/p: module 'signal' has no attribute 'SIGALRM'
2024-10-09 11:31:27,447 - ERROR - No scrapeado https://www.carrefour.es/supermercado/queso-le-tendre-creme-carrefour-250-g/R-VC4AECOMM-684038/p: module 'signal' has no attribute 'SIGALRM'
2024-10-09 11:31:27,447 - ERROR - No scrapeado https://www.carrefour.es/supermercado/ambientador-concentrado-wc-foresan-125-ml/R-699205662/p: module 'signal' has no attribute 'SIGALRM'
2024-10-09 11:31:27,447 - ERROR - No scrapeado https://www.carrefour.es/supermercado/aperitivo-de-maiz-horneado-aspitos-sin-gluten-y-sin-lactosa-pack-de-6-unidades-de-6-g/R-fprod1460307/p: module 'signal' has no attribute 'SIGALRM'
2024-10-09 11:31:27,447 - ERROR - No scrapeado https://www.carrefour.es/supermercado/barritas-de-miel-para-conejos-enanos-vitakraft-2-ud/R-553703584/p: module 'signal' has no attribute 'SIGALRM'
2024-10-09 11:31:27,447 - ERROR - No scrapeado https://www.carrefour.es/supermercado/queso-havarti-en-lonchas-carrefour-200-g/R-521030719/p: module 'signal' has no attribute 'SIGALRM'
2024-10-09 11:31:27,447 - ERROR - No scrapeado https://www.carrefour.es/supermercado/alicate-pedicura-para-corte-recto-y-preciso-carrefour-1-ud/R-798285192/p: module 'signal' has no attribute 'SIGALRM'
2024-10-09 11:31:27,448 - ERROR - No scrapeado https://www.carrefour.es/supermercado/galletas-con-chocolate-leche-y-yogur-gerble-sin-aceite-de-palma-230-g/R-521004510/p: module 'signal' has no attribute 'SIGALRM'
2024-10-09 11:31:27,448 - ERROR - No scrapeado https://www.carrefour.es/supermercado/yogur-sabor-macedonia-danone-sin-gluten-pack-de-4-unidades-de-120-g/R-521029424/p: module 'signal' has no attribute 'SIGALRM'
2024-10-09 11:31:27,448 - ERROR - No scrapeado https://www.carrefour.es/supermercado/lavavajillas-a-maquina-en-pastillas-todo-en-uno-ecologico-carrefour-eco-planet-30-ud/R-VC4AECOMM-364104/p: module 'signal' has no attribute 'SIGALRM'
2024-10-09 11:31:27,448 - ERROR - No scrapeado https://www.carrefour.es/supermercado/pan-de-antano-carrefour-1-ud/R-fprod1180084/p: module 'signal' has no attribute 'SIGALRM'
2024-10-09 11:31:27,448 - ERROR - No scrapeado https://www.carrefour.es/supermercado/barrita-de-barquillo-cubierta-de-chocolate-blanco-huesitos-valor-12-ud/R-796400323/p: module 'signal' has no attribute 'SIGALRM'
2024-10-09 11:31:27,448 - ERROR - No scrapeado https://www.carrefour.es/supermercado/preparado-lacteo-flora-folic-b-ligera-brik-1-l/R-531201976/p: module 'signal' has no attribute 'SIGALRM'
2024-10-09 11:31:27,448 - ERROR - No scrapeado https://www.carrefour.es/supermercado/filetes-de-lomo-bajo-de-anojo-circulo-de-calidad-500-g-aprox/R-fprod1460210/p: module 'signal' has no attribute 'SIGALRM'
2024-10-09 11:31:27,448 - ERROR - No scrapeado https://www.carrefour.es/supermercado/tostada-crujiente-de-centeno-extra-carrefour-250-g/R-VC4AECOMM-473126/p: module 'signal' has no attribute 'SIGALRM'
2024-10-09 11:31:27,448 - ERROR - No scrapeado https://www.carrefour.es/supermercado/mix-frutos-secos-naturales-carrefour-200-g/R-VC4AECOMM-135869/p: module 'signal' has no attribute 'SIGALRM'
